[debug] [2018-01-19T02:26:01.313Z] ----------------------------------------------------------------------
[debug] [2018-01-19T02:26:01.322Z] Command:       C:\Program Files\nodejs\node.exe C:\Users\benito\AppData\Roaming\npm\node_modules\firebase-tools\bin\firebase init
[debug] [2018-01-19T02:26:01.324Z] CLI Version:   3.16.0
[debug] [2018-01-19T02:26:01.324Z] Platform:      win32
[debug] [2018-01-19T02:26:01.324Z] Node Version:  v6.11.2
[debug] [2018-01-19T02:26:01.325Z] Time:          Thu Jan 18 2018 20:26:01 GMT-0600 (Central Standard Time (Mexico))
[debug] [2018-01-19T02:26:01.325Z] ----------------------------------------------------------------------
[debug] 
[debug] [2018-01-19T02:26:01.383Z] > command requires scopes: ["email","openid","https://www.googleapis.com/auth/cloudplatformprojects.readonly","https://www.googleapis.com/auth/firebase"]
[debug] [2018-01-19T02:26:01.384Z] > authorizing via signed-in user
[info] 
     ######## #### ########  ######## ########     ###     ######  ########
     ##        ##  ##     ## ##       ##     ##  ##   ##  ##       ##
     ######    ##  ########  ######   ########  #########  ######  ######
     ##        ##  ##    ##  ##       ##     ## ##     ##       ## ##
     ##       #### ##     ## ######## ########  ##     ##  ######  ########

You're about to initialize a Firebase project in this directory:

  C:\Users\benito\Documents\Xerozie\lanidngPage

[info] 
=== Project Setup
[info] 
[info] First, let's associate this project directory with a Firebase project.
[info] You can create multiple project aliases by running firebase use --add, 
[info] but for now we'll just set up a default project.
[info] 
[debug] [2018-01-19T02:29:11.875Z] > refreshing access token with scopes: ["email","https://www.googleapis.com/auth/cloudplatformprojects.readonly","https://www.googleapis.com/auth/firebase","openid"]
[debug] [2018-01-19T02:29:11.876Z] >>> HTTP REQUEST POST https://www.googleapis.com/oauth2/v3/token  
 { refresh_token: '1/wUJ3vSIUmwBe6VUEizR6Ig2c41MK_--OoRhWY8LE_UI',
  client_id: '563584335869-fgrhgmd47bqnekij5i8b5pr03ho849e6.apps.googleusercontent.com',
  client_secret: 'j9iVZfS8kkCEFUPaAeJV0sAi',
  grant_type: 'refresh_token',
  scope: 'email https://www.googleapis.com/auth/cloudplatformprojects.readonly https://www.googleapis.com/auth/firebase openid' } 
 Thu Jan 18 2018 20:29:11 GMT-0600 (Central Standard Time (Mexico))
[debug] [2018-01-19T02:29:12.154Z] <<< HTTP RESPONSE 200
[debug] [2018-01-19T02:29:12.199Z] >>> HTTP REQUEST GET https://admin.firebase.com/v1/projects  
  
 Thu Jan 18 2018 20:29:12 GMT-0600 (Central Standard Time (Mexico))
[debug] [2018-01-19T02:29:12.808Z] <<< HTTP RESPONSE 200
[info] 
=== Hosting Setup
[info] 
[info] Your public directory is the folder (relative to your project directory) that
[info] will contain Hosting assets to be uploaded with firebase deploy. If you
[info] have a build process for your assets, use your build's output directory.
[info] 
[debug] [2018-01-19T02:30:17.242Z] Error: ENOENT: no such file or directory, open 'C:\Users\benito\Documents\Xerozie\lanidngPage\index.html\404.html'
    at Error (native)
    at Object.fs.openSync (fs.js:641:18)
    at Object.fs.writeFileSync (fs.js:1347:33)
    at Object.createFileSync (C:\Users\benito\AppData\Roaming\npm\node_modules\firebase-tools\node_modules\fs-extra\lib\ensure\file.js:34:6)
    at Config.writeProjectFile (C:\Users\benito\AppData\Roaming\npm\node_modules\firebase-tools\lib\config.js:169:6)
    at C:\Users\benito\AppData\Roaming\npm\node_modules\firebase-tools\lib\config.js:189:12
    at tryCatch (C:\Users\benito\AppData\Roaming\npm\node_modules\firebase-tools\node_modules\rsvp\dist\rsvp.js:525:12)
    at invokeCallback (C:\Users\benito\AppData\Roaming\npm\node_modules\firebase-tools\node_modules\rsvp\dist\rsvp.js:538:13)
    at C:\Users\benito\AppData\Roaming\npm\node_modules\firebase-tools\node_modules\rsvp\dist\rsvp.js:606:14
    at flush (C:\Users\benito\AppData\Roaming\npm\node_modules\firebase-tools\node_modules\rsvp\dist\rsvp.js:2415:5)
[error] 
[error] Error: An unexpected error has occurred.
